SF:C:\Users\ashya\Final CITESched Flutter\citesched\citesched_server\lib\src\generated\day_of_week.dart
DA:24,1
DA:26,1
DA:28,0
DA:30,0
DA:32,0
DA:34,0
DA:36,0
DA:38,0
DA:41,0
DA:45,1
DA:46,1
DA:48,0
DA:49,0
LF:13
LH:4
end_of_record
SF:C:\Users\ashya\Final CITESched Flutter\citesched\citesched_server\lib\src\generated\employment_status.dart
DA:19,1
DA:21,1
DA:23,0
DA:26,0
DA:27,0
DA:32,1
DA:33,1
DA:35,0
DA:36,0
LF:9
LH:4
end_of_record
SF:C:\Users\ashya\Final CITESched Flutter\citesched\citesched_server\lib\src\generated\faculty_shift_preference.dart
DA:22,1
DA:24,1
DA:26,1
DA:28,0
DA:30,0
DA:32,0
DA:35,0
DA:36,0
DA:41,1
DA:42,1
DA:44,0
DA:45,0
LF:12
LH:5
end_of_record
SF:C:\Users\ashya\Final CITESched Flutter\citesched\citesched_server\lib\src\generated\nlp_intent.dart
DA:22,1
DA:24,1
DA:26,1
DA:28,1
DA:30,1
DA:32,0
DA:35,0
DA:39,1
DA:40,1
DA:42,0
DA:43,0
LF:11
LH:7
end_of_record
SF:C:\Users\ashya\Final CITESched Flutter\citesched\citesched_server\lib\src\generated\program.dart
DA:19,1
DA:21,1
DA:23,0
DA:26,0
DA:30,1
DA:31,1
DA:33,0
DA:34,0
LF:8
LH:4
end_of_record
SF:C:\Users\ashya\Final CITESched Flutter\citesched\citesched_server\lib\src\generated\subject_type.dart
DA:20,1
DA:22,1
DA:24,0
DA:26,0
DA:29,0
DA:30,0
DA:35,1
DA:36,1
DA:38,0
DA:39,0
LF:10
LH:4
end_of_record
